

Microchip Technology PIC LITE Macro Assembler V1.37 build -260352376 
                                                                                               Sun May 15 20:03:08 2016

Microchip Technology Omniscient Code Generator v1.37 (Free mode) build 201603110536
     1                           	processor	16F676
     2                           	opt	pw 120
     3                           	opt	lm
     4                           	psect	cinit,global,class=CODE,merge=1,delta=2
     5                           	psect	cstackBANK0,global,class=BANK0,space=1,delta=1
     6                           	psect	maintext,global,class=CODE,split=1,delta=2
     7                           	psect	text1,local,class=CODE,merge=1,delta=2
     8                           	dabs	1,0x5E,2
     9  0000                     	;# 
    10  0001                     	;# 
    11  0002                     	;# 
    12  0003                     	;# 
    13  0004                     	;# 
    14  0005                     	;# 
    15  0007                     	;# 
    16  000A                     	;# 
    17  000B                     	;# 
    18  000C                     	;# 
    19  000E                     	;# 
    20  000E                     	;# 
    21  000F                     	;# 
    22  0010                     	;# 
    23  0019                     	;# 
    24  001E                     	;# 
    25  001F                     	;# 
    26  0081                     	;# 
    27  0085                     	;# 
    28  0087                     	;# 
    29  008C                     	;# 
    30  008E                     	;# 
    31  0090                     	;# 
    32  0091                     	;# 
    33  0095                     	;# 
    34  0095                     	;# 
    35  0096                     	;# 
    36  0096                     	;# 
    37  0099                     	;# 
    38  009A                     	;# 
    39  009A                     	;# 
    40  009B                     	;# 
    41  009C                     	;# 
    42  009D                     	;# 
    43  009E                     	;# 
    44  009F                     	;# 
    45  0007                     _PORTC	set	7
    46  002A                     _RA2	set	42
    47  0091                     _ANSEL	set	145
    48  0090                     _OSCCAL	set	144
    49  0085                     _TRISA	set	133
    50  0087                     _TRISC	set	135
    51                           
    52                           ; #config settings
    53  0000                     
    54                           	psect	cinit
    55  03FD                     start_initialization:	
    56  03FD                     __initialization:	
    57  03FD                     end_of_initialization:	
    58                           ;End of C runtime variable initialization code
    59                           
    60  03FD                     __end_of__initialization:	
    61  03FD  0183               	clrf	3
    62  03FE  2B62               	ljmp	_main	;jump to C main() function
    63                           
    64                           	psect	cstackBANK0
    65  0020                     __pcstackBANK0:	
    66  0020                     ?_cdelay:	
    67  0020                     ?_main:	
    68                           ; 1 bytes @ 0x0
    69                           
    70  0020                     cdelay@count:	
    71                           ; 1 bytes @ 0x0
    72                           
    73                           
    74                           ; 2 bytes @ 0x0
    75  0020                     	ds	2
    76  0022                     ??_cdelay:	
    77                           
    78                           ; 1 bytes @ 0x2
    79  0022                     	ds	1
    80  0023                     ??_main:	
    81                           
    82                           ; 1 bytes @ 0x3
    83  0023                     	ds	2
    84  0025                     main@direction:	
    85                           
    86                           ; 2 bytes @ 0x5
    87  0025                     	ds	2
    88  0027                     main@mode:	
    89                           
    90                           ; 2 bytes @ 0x7
    91  0027                     	ds	2
    92  0029                     main@delay:	
    93                           
    94                           ; 2 bytes @ 0x9
    95  0029                     	ds	2
    96                           
    97                           	psect	maintext
    98  0362                     __pmaintext:	
    99 ;;
   100 ;;Main: autosize = 0, tempsize = 2, incstack = 0, save=0
   101 ;;
   102 ;; *************** function _main *****************
   103 ;; Defined at:
   104 ;;		line 20 in file "main.c"
   105 ;; Parameters:    Size  Location     Type
   106 ;;		None
   107 ;; Auto vars:     Size  Location     Type
   108 ;;  delay           2    9[BANK0 ] int 
   109 ;;  mode            2    7[BANK0 ] int 
   110 ;;  direction       2    5[BANK0 ] int 
   111 ;; Return value:  Size  Location     Type
   112 ;;                  1    wreg      void 
   113 ;; Registers used:
   114 ;;		wreg, status,2, status,0, btemp+1, pclath, cstack
   115 ;; Tracked objects:
   116 ;;		On entry : B00/0
   117 ;;		On exit  : 0/0
   118 ;;		Unchanged: 0/0
   119 ;; Data sizes:     COMMON   BANK0
   120 ;;      Params:         0       0
   121 ;;      Locals:         0       6
   122 ;;      Temps:          0       2
   123 ;;      Totals:         0       8
   124 ;;Total ram usage:        8 bytes
   125 ;; Hardware stack levels required when called:    1
   126 ;; This function calls:
   127 ;;		_cdelay
   128 ;; This function is called by:
   129 ;;		Startup code after reset
   130 ;; This function uses a non-reentrant model
   131 ;;
   132                           
   133                           
   134                           ;psect for function _main
   135  0362                     _main:	
   136                           
   137                           ;main.c: 22: TRISC = 0 ;
   138                           
   139                           ;incstack = 0
   140                           ; Regs used in _main: [wreg+status,2+status,0+btemp+1+pclath+cstack]
   141  0362  1683               	bsf	3,5	;RP0=1, select bank1
   142  0363  0187               	clrf	7	;volatile
   143                           
   144                           ;main.c: 23: ANSEL = 0 ;
   145  0364  0191               	clrf	17	;volatile
   146                           
   147                           ;main.c: 24: TRISA |= 0x02 ;
   148  0365  1485               	bsf	5,1	;volatile
   149                           
   150                           ;main.c: 25: OSCCAL = 0x3448;
   151  0366  3048               	movlw	72
   152  0367  0090               	movwf	16	;volatile
   153                           
   154                           ;main.c: 27: int delay = 750 ;
   155  0368  30EE               	movlw	238
   156  0369  1283               	bcf	3,5	;RP0=0, select bank0
   157  036A  00A9               	movwf	main@delay
   158  036B  3002               	movlw	2
   159  036C  00AA               	movwf	main@delay+1
   160                           
   161                           ;main.c: 28: int direction = -10 ;
   162  036D  30F6               	movlw	246
   163  036E  00A5               	movwf	main@direction
   164  036F  30FF               	movlw	255
   165  0370  00A6               	movwf	main@direction+1
   166                           
   167                           ;main.c: 29: int mode = 2 ;
   168  0371  3002               	movlw	2
   169  0372  00A7               	movwf	main@mode
   170  0373  3000               	movlw	0
   171  0374  00A8               	movwf	main@mode+1
   172  0375                     l588:	
   173                           ;main.c: 31: while(1)
   174                           
   175                           
   176                           ;main.c: 32: {
   177                           ;main.c: 33: if (RA2)
   178  0375  1283               	bcf	3,5	;RP0=0, select bank0
   179  0376  1D05               	btfss	5,2	;volatile
   180  0377  2B93               	goto	l600
   181                           
   182                           ;main.c: 34: {
   183                           ;main.c: 35: _delay((unsigned long)((15)*(4000000/4000.0))) ;
   184  0378  3014               	movlw	20
   185  0379  00A4               	movwf	??_main+1
   186  037A  3079               	movlw	121
   187  037B  00A3               	movwf	??_main
   188  037C                     u217:	
   189  037C  0BA3               	decfsz	??_main,f
   190  037D  2B7C               	goto	u217
   191  037E  0BA4               	decfsz	??_main+1,f
   192  037F  2B7C               	goto	u217
   193  0380  2B81               	nop2
   194                           
   195                           ;main.c: 36: if (RA2)
   196  0381  1283               	bcf	3,5	;RP0=0, select bank0
   197  0382  1D05               	btfss	5,2	;volatile
   198  0383  2B93               	goto	l600
   199                           
   200                           ;main.c: 37: {
   201                           ;main.c: 38: mode++ ;
   202  0384  3001               	movlw	1
   203  0385  07A7               	addwf	main@mode,f
   204  0386  1803               	skipnc
   205  0387  0AA8               	incf	main@mode+1,f
   206  0388  3000               	movlw	0
   207  0389  07A8               	addwf	main@mode+1,f
   208                           
   209                           ;main.c: 39: if (mode == 3)
   210  038A  3003               	movlw	3
   211  038B  0627               	xorwf	main@mode,w
   212  038C  0428               	iorwf	main@mode+1,w
   213  038D  1D03               	btfss	3,2
   214  038E  2B91               	goto	l23
   215                           
   216                           ;main.c: 40: mode = 0 ;
   217  038F  01A7               	clrf	main@mode
   218  0390  01A8               	clrf	main@mode+1
   219  0391                     l23:	
   220                           ;main.c: 43: ;
   221                           
   222                           ;main.c: 42: while(RA2)
   223                           
   224  0391  1905               	btfsc	5,2	;volatile
   225  0392  2B91               	goto	l23
   226  0393                     l600:	
   227                           
   228                           ;main.c: 44: }
   229                           ;main.c: 45: }
   230                           ;main.c: 47: if (mode == 0)
   231  0393  0827               	movf	main@mode,w
   232  0394  0428               	iorwf	main@mode+1,w
   233  0395  1D03               	btfss	3,2
   234  0396  2BDB               	goto	l626
   235                           
   236                           ;main.c: 48: {
   237                           ;main.c: 49: delay += direction ;
   238  0397  0825               	movf	main@direction,w
   239  0398  07A9               	addwf	main@delay,f
   240  0399  1803               	skipnc
   241  039A  0AAA               	incf	main@delay+1,f
   242  039B  0826               	movf	main@direction+1,w
   243  039C  07AA               	addwf	main@delay+1,f
   244                           
   245                           ;main.c: 50: if (delay < 50 || delay > 950)
   246  039D  082A               	movf	main@delay+1,w
   247  039E  3A80               	xorlw	128
   248  039F  00DF               	movwf	95
   249  03A0  3080               	movlw	128
   250  03A1  025F               	subwf	95,w
   251  03A2  1D03               	skipz
   252  03A3  2BA6               	goto	u175
   253  03A4  3032               	movlw	50
   254  03A5  0229               	subwf	main@delay,w
   255  03A6                     u175:	
   256  03A6  1C03               	skipc
   257  03A7  2BB4               	goto	l608
   258  03A8  1283               	bcf	3,5	;RP0=0, select bank0
   259  03A9  082A               	movf	main@delay+1,w
   260  03AA  3A80               	xorlw	128
   261  03AB  00DF               	movwf	95
   262  03AC  3083               	movlw	131
   263  03AD  025F               	subwf	95,w
   264  03AE  1D03               	skipz
   265  03AF  2BB2               	goto	u185
   266  03B0  30B7               	movlw	183
   267  03B1  0229               	subwf	main@delay,w
   268  03B2                     u185:	
   269  03B2  1C03               	skipc
   270  03B3  2BBA               	goto	l610
   271  03B4                     l608:	
   272                           
   273                           ;main.c: 51: direction = 0 - direction ;
   274  03B4  1283               	bcf	3,5	;RP0=0, select bank0
   275  03B5  09A5               	comf	main@direction,f
   276  03B6  09A6               	comf	main@direction+1,f
   277  03B7  0AA5               	incf	main@direction,f
   278  03B8  1903               	skipnz
   279  03B9  0AA6               	incf	main@direction+1,f
   280  03BA                     l610:	
   281                           
   282                           ;main.c: 52: cdelay(delay) ;
   283  03BA  1283               	bcf	3,5	;RP0=0, select bank0
   284  03BB  082A               	movf	main@delay+1,w
   285  03BC  00A1               	movwf	cdelay@count+1
   286  03BD  0829               	movf	main@delay,w
   287  03BE  00A0               	movwf	cdelay@count
   288  03BF  234D               	fcall	_cdelay
   289                           
   290                           ;main.c: 53: PORTC = 0x03 ;
   291  03C0  3003               	movlw	3
   292  03C1  1283               	bcf	3,5	;RP0=0, select bank0
   293  03C2  0087               	movwf	7	;volatile
   294                           
   295                           ;main.c: 54: cdelay(delay) ;
   296  03C3  082A               	movf	main@delay+1,w
   297  03C4  00A1               	movwf	cdelay@count+1
   298  03C5  0829               	movf	main@delay,w
   299  03C6  00A0               	movwf	cdelay@count
   300  03C7  234D               	fcall	_cdelay
   301                           
   302                           ;main.c: 55: PORTC = 0x0c ;
   303  03C8  300C               	movlw	12
   304  03C9  1283               	bcf	3,5	;RP0=0, select bank0
   305  03CA  0087               	movwf	7	;volatile
   306                           
   307                           ;main.c: 56: cdelay(delay) ;
   308  03CB  082A               	movf	main@delay+1,w
   309  03CC  00A1               	movwf	cdelay@count+1
   310  03CD  0829               	movf	main@delay,w
   311  03CE  00A0               	movwf	cdelay@count
   312  03CF  234D               	fcall	_cdelay
   313                           
   314                           ;main.c: 57: PORTC = 0x05 ;
   315  03D0  3005               	movlw	5
   316  03D1  1283               	bcf	3,5	;RP0=0, select bank0
   317  03D2  0087               	movwf	7	;volatile
   318                           
   319                           ;main.c: 58: cdelay(delay) ;
   320  03D3  082A               	movf	main@delay+1,w
   321  03D4  00A1               	movwf	cdelay@count+1
   322  03D5  0829               	movf	main@delay,w
   323  03D6  00A0               	movwf	cdelay@count
   324  03D7  234D               	fcall	_cdelay
   325                           
   326                           ;main.c: 59: PORTC = 0x0a ;
   327  03D8  300A               	movlw	10
   328  03D9  1283               	bcf	3,5	;RP0=0, select bank0
   329  03DA  2BE0               	goto	L1
   330  03DB                     l626:	
   331                           ;main.c: 60: }
   332                           
   333                           
   334                           ;main.c: 61: else if (mode == 1)
   335  03DB  0327               	decf	main@mode,w
   336  03DC  0428               	iorwf	main@mode+1,w
   337  03DD  1D03               	btfss	3,2
   338  03DE  2BE2               	goto	l630
   339                           
   340                           ;main.c: 62: {
   341                           ;main.c: 63: PORTC = 0x0f ;
   342  03DF  300F               	movlw	15
   343  03E0                     L1:	
   344  03E0  0087               	movwf	7	;volatile
   345                           
   346                           ;main.c: 64: }
   347  03E1  2B75               	goto	l588
   348  03E2                     l630:	
   349                           
   350                           ;main.c: 65: else if (mode == 2)
   351  03E2  3002               	movlw	2
   352  03E3  0627               	xorwf	main@mode,w
   353  03E4  0428               	iorwf	main@mode+1,w
   354  03E5  1D03               	btfss	3,2
   355  03E6  2B75               	goto	l588
   356                           
   357                           ;main.c: 66: {
   358                           ;main.c: 67: PORTC = 0x0f ;
   359  03E7  300F               	movlw	15
   360  03E8  0087               	movwf	7	;volatile
   361                           
   362                           ;main.c: 68: _delay((unsigned long)((5)*(4000000/4000.0)));
   363  03E9  3007               	movlw	7
   364  03EA  00A4               	movwf	??_main+1
   365  03EB  307D               	movlw	125
   366  03EC  00A3               	movwf	??_main
   367  03ED                     u227:	
   368  03ED  0BA3               	decfsz	??_main,f
   369  03EE  2BED               	goto	u227
   370  03EF  0BA4               	decfsz	??_main+1,f
   371  03F0  2BED               	goto	u227
   372                           
   373                           ;main.c: 69: PORTC = 0 ;
   374  03F1  1283               	bcf	3,5	;RP0=0, select bank0
   375  03F2  0187               	clrf	7	;volatile
   376                           
   377                           ;main.c: 70: _delay((unsigned long)((10)*(4000000/4000.0)));
   378  03F3  300D               	movlw	13
   379  03F4  00A4               	movwf	??_main+1
   380  03F5  30FB               	movlw	251
   381  03F6  00A3               	movwf	??_main
   382  03F7                     u237:	
   383  03F7  0BA3               	decfsz	??_main,f
   384  03F8  2BF7               	goto	u237
   385  03F9  0BA4               	decfsz	??_main+1,f
   386  03FA  2BF7               	goto	u237
   387  03FB  2BFC               	nop2
   388  03FC  2B75               	goto	l588
   389  03FD                     __end_of_main:	
   390                           
   391                           	psect	text1
   392  034D                     __ptext1:	
   393 ;; *************** function _cdelay *****************
   394 ;; Defined at:
   395 ;;		line 74 in file "main.c"
   396 ;; Parameters:    Size  Location     Type
   397 ;;  count           2    0[BANK0 ] int 
   398 ;; Auto vars:     Size  Location     Type
   399 ;;		None
   400 ;; Return value:  Size  Location     Type
   401 ;;                  1    wreg      void 
   402 ;; Registers used:
   403 ;;		wreg, status,2, status,0
   404 ;; Tracked objects:
   405 ;;		On entry : 0/0
   406 ;;		On exit  : 0/0
   407 ;;		Unchanged: 0/0
   408 ;; Data sizes:     COMMON   BANK0
   409 ;;      Params:         0       2
   410 ;;      Locals:         0       0
   411 ;;      Temps:          0       1
   412 ;;      Totals:         0       3
   413 ;;Total ram usage:        3 bytes
   414 ;; Hardware stack levels used:    1
   415 ;; This function calls:
   416 ;;		Nothing
   417 ;; This function is called by:
   418 ;;		_main
   419 ;; This function uses a non-reentrant model
   420 ;;
   421                           
   422                           
   423                           ;psect for function _cdelay
   424  034D                     _cdelay:	
   425  034D                     l574:	
   426                           ;main.c: 76: while(count--)
   427                           
   428                           ;incstack = 0
   429                           ; Regs used in _cdelay: [wreg+status,2+status,0]
   430                           
   431  034D  30FF               	movlw	255
   432  034E  1283               	bcf	3,5	;RP0=0, select bank0
   433  034F  07A0               	addwf	cdelay@count,f
   434  0350  1803               	skipnc
   435  0351  0AA1               	incf	cdelay@count+1,f
   436  0352  30FF               	movlw	255
   437  0353  07A1               	addwf	cdelay@count+1,f
   438  0354  0A20               	incf	cdelay@count,w
   439  0355  1903               	btfsc	3,2
   440  0356  0A21               	incf	cdelay@count+1,w
   441  0357  1903               	btfsc	3,2
   442  0358  0008               	return
   443                           
   444                           ;main.c: 77: _delay((unsigned long)((1)*(4000000/4000.0))) ;
   445  0359  30F9               	movlw	249
   446  035A  1283               	bcf	3,5	;RP0=0, select bank0
   447  035B  00A2               	movwf	??_cdelay
   448  035C                     u247:	
   449  035C  0000               	nop
   450  035D  0BA2               	decfsz	??_cdelay,f
   451  035E  2B5C               	goto	u247
   452  035F  2B60               	nop2	;nop
   453  0360  0000               	nop
   454  0361  2B4D               	goto	l574
   455  0362                     __end_of_cdelay:	
   456  005E                     btemp	set	94	;btemp
   457  005E                     wtemp	set	94
   458  005E                     wtemp0	set	94
   459  0060                     wtemp1	set	96
   460  0062                     wtemp2	set	98
   461  0064                     wtemp3	set	100
   462  0066                     wtemp4	set	102
   463  0068                     wtemp5	set	104
   464  005F                     wtemp6	set	95
   465  005E                     ttemp	set	94
   466  005E                     ttemp0	set	94
   467  0061                     ttemp1	set	97
   468  0064                     ttemp2	set	100
   469  0067                     ttemp3	set	103
   470  005F                     ttemp4	set	95
   471  005E                     ltemp	set	94
   472  005E                     ltemp0	set	94
   473  0062                     ltemp1	set	98
   474  0066                     ltemp2	set	102
   475  0060                     ltemp3	set	96


Data Sizes:
    Strings     0
    Constant    0
    Data        0
    BSS         0
    Persistent  0
    Stack       0

Auto Spaces:
    Space          Size  Autos    Used
    COMMON            0      0       0
    BANK0            62     11      11

Pointer List with Targets:

    None.

Critical Paths under _main in COMMON

    None.

Critical Paths under _main in BANK0

    _main->_cdelay

Call Graph Tables:

 ---------------------------------------------------------------------------------
 (Depth) Function   	        Calls       Base Space   Used Autos Params    Refs
 ---------------------------------------------------------------------------------
 (0) _main                                                 8     8      0     505
                                              3 BANK0      8     8      0
                             _cdelay
 ---------------------------------------------------------------------------------
 (1) _cdelay                                               3     1      2     234
                                              0 BANK0      3     1      2
 ---------------------------------------------------------------------------------
 Estimated maximum stack depth 1
 ---------------------------------------------------------------------------------

 Call Graph Graphs:

 _main (ROOT)
   _cdelay

 Address spaces:
Name               Size   Autos  Total    Cost      Usage
BITCOMMON            0      0       0       0        0.0%
EEDATA              80      0       0       0        0.0%
NULL                 0      0       0       0        0.0%
CODE                 0      0       0       0        0.0%
BITSFR0              0      0       0       1        0.0%
SFR0                 0      0       0       1        0.0%
COMMON               0      0       0       1        0.0%
BITSFR1              0      0       0       2        0.0%
SFR1                 0      0       0       2        0.0%
STACK                0      0       0       2        0.0%
BITBANK0            3E      0       0       3        0.0%
BANK0               3E      B       B       4       17.7%
ABS                  0      0       0       5        0.0%
DATA                 0      0       0       6        0.0%


Microchip Technology PIC Macro Assembler V1.37 build -260352376 
Symbol Table                                                                                   Sun May 15 20:03:08 2016

            __CFG_CP$OFF 0000                       l23 0391                      l600 0393  
                    l610 03BA                      l630 03E2                      l608 03B4  
                    l626 03DB                      l574 034D                      l588 0375  
                    _RA2 002A                      u217 037C                      u227 03ED  
                    u237 03F7                      u247 035C                      u175 03A6  
                    u185 03B2             __CFG_CPD$OFF 0000                     _main 0362  
                   btemp 005E            __CFG_BOREN$ON 0000                     ltemp 005E  
                   start 0000                     ttemp 005E                     wtemp 005E  
          __CFG_MCLRE$ON 0000                    ?_main 0020            __CFG_WDTE$OFF 0000  
                  _ANSEL 0091                    _PORTC 0007                    _TRISA 0085  
                  _TRISC 0087            __CFG_PWRTE$ON 0000                    ltemp0 005E  
                  ltemp1 0062                    ltemp2 0066                    ltemp3 0060  
                  ttemp0 005E                    ttemp1 0061                    ttemp2 0064  
                  ttemp3 0067                    ttemp4 005F                    status 0003  
                  wtemp0 005E                    wtemp1 0060                    wtemp2 0062  
                  wtemp3 0064                    wtemp4 0066                    wtemp5 0068  
                  wtemp6 005F          __initialization 03FD             __end_of_main 03FD  
                 ??_main 0023            main@direction 0025                   _OSCCAL 0090  
                 _cdelay 034D  __end_of__initialization 03FD               __pmaintext 0362  
                ?_cdelay 0020          __size_of_cdelay 0015                  __ptext1 034D  
   end_of_initialization 03FD           __end_of_cdelay 0362      start_initialization 03FD  
               ??_cdelay 0022                ___latbits 0000            __pcstackBANK0 0020  
              main@delay 0029              cdelay@count 0020            __size_of_main 009B  
               main@mode 0027        __CFG_FOSC$INTRCIO 0000  
